This file contains any messages produced by compilers while
running configure, to aid debugging if configure makes a mistake.

It was created by RestFrames configure 1.0.0, which was
generated by GNU Autoconf 2.69.  Invocation command line was

  $ ./configure --prefix=/groups/mhildret/rgoldouz/run3Analyses/ZprimeToTt/RestFrames

## --------- ##
## Platform. ##
## --------- ##

hostname = glados.crc.nd.edu
uname -m = x86_64
uname -r = 5.14.0-611.26.1.el9_7.x86_64
uname -s = Linux
uname -v = #1 SMP PREEMPT_DYNAMIC Sat Jan 17 05:14:35 EST 2026

/usr/bin/uname -p = x86_64
/bin/uname -X     = unknown

/bin/arch              = x86_64
/usr/bin/arch -k       = unknown
/usr/convex/getsysinfo = unknown
/usr/bin/hostinfo      = unknown
/bin/machine           = unknown
/usr/bin/oslevel       = unknown
/bin/universe          = unknown

PATH: /cvmfs/cms.cern.ch/share/overrides/bin
PATH: /groups/mhildret/rgoldouz/CMSSW_15_0_10/bin/el9_amd64_gcc12
PATH: /groups/mhildret/rgoldouz/CMSSW_15_0_10/external/el9_amd64_gcc12/bin
PATH: /cvmfs/cms.cern.ch/el9_amd64_gcc12/cms/cmssw/CMSSW_15_0_10/bin/el9_amd64_gcc12
PATH: /cvmfs/cms.cern.ch/el9_amd64_gcc12/cms/cmssw/CMSSW_15_0_10/external/el9_amd64_gcc12/bin
PATH: /cvmfs/cms.cern.ch/el9_amd64_gcc12/external/llvm/18.1.6-46165be3f70ec2619c579730b86daad1/bin
PATH: /cvmfs/cms.cern.ch/el9_amd64_gcc12/external/gcc/12.3.1-40d504be6370b5a30e3947a6e575ca28/bin
PATH: /afs/crc.nd.edu/user/r/rgoldouz/miniconda3/bin
PATH: /afs/crc.nd.edu/user/r/rgoldouz/miniconda3/condabin
PATH: /cvmfs/oasis.opensciencegrid.org/mis/osg-wn-client/23-main/23.251009-1/el9-x86_64/usr/bin
PATH: /cvmfs/oasis.opensciencegrid.org/mis/osg-wn-client/23-main/23.251009-1/el9-x86_64/usr/sbin
PATH: /cvmfs/cms.cern.ch/share/x86_64/cms/prmon/v2026022600/bin
PATH: /cvmfs/cms.cern.ch/common
PATH: /software/c/condor/ndcms/condor-23.0.17-1-x86_64_AlmaLinux9-stripped/sbin
PATH: /software/c/condor/ndcms/condor-23.0.17-1-x86_64_AlmaLinux9-stripped/bin
PATH: /usr/local/bin
PATH: /usr/bin
PATH: /usr/local/sbin
PATH: /usr/sbin
PATH: /opt/dell/srvadmin/bin
PATH: /users/rgoldouz/.local/bin
PATH: /users/rgoldouz/bin


## ----------- ##
## Core tests. ##
## ----------- ##

configure:2341: checking for a BSD-compatible install
configure:2409: result: /usr/bin/install -c
configure:2420: checking whether build environment is sane
configure:2475: result: yes
configure:2626: checking for a thread-safe mkdir -p
configure:2665: result: /usr/bin/mkdir -p
configure:2672: checking for gawk
configure:2688: found /usr/bin/gawk
configure:2699: result: gawk
configure:2710: checking whether make sets $(MAKE)
configure:2732: result: yes
configure:2761: checking whether make supports nested variables
configure:2778: result: yes
configure:2867: checking whether UID '239259' is supported by ustar format
configure:2870: result: yes
configure:2877: checking whether GID '239259' is supported by ustar format
configure:2880: result: yes
configure:2888: checking how to create a ustar tar archive
configure:2899: tar --version
tar (GNU tar) 1.34
Copyright (C) 2021 Free Software Foundation, Inc.
License GPLv3+: GNU GPL version 3 or later <https://gnu.org/licenses/gpl.html>.
This is free software: you are free to change and redistribute it.
There is NO WARRANTY, to the extent permitted by law.

Written by John Gilmore and Jay Fenlason.
configure:2902: $? = 0
configure:2942: tardir=conftest.dir && eval tar --format=ustar -chf - "$tardir" >conftest.tar
configure:2945: $? = 0
configure:2949: tar -xf - <conftest.tar
configure:2952: $? = 0
configure:2954: cat conftest.dir/file
GrepMe
configure:2957: $? = 0
configure:2970: result: gnutar
configure:3022: checking whether to enable maintainer-specific portions of Makefiles
configure:3031: result: no
configure:3160: checking for C++ compiler version
configure:3169: /afs/crc.nd.edu/user/r/rgoldouz/miniconda3/bin/x86_64-conda-linux-gnu-c++ --version >&5
x86_64-conda-linux-gnu-c++ (conda-forge gcc 12.4.0-0) 12.4.0
Copyright (C) 2022 Free Software Foundation, Inc.
This is free software; see the source for copying conditions.  There is NO
warranty; not even for MERCHANTABILITY or FITNESS FOR A PARTICULAR PURPOSE.

configure:3180: $? = 0
configure:3169: /afs/crc.nd.edu/user/r/rgoldouz/miniconda3/bin/x86_64-conda-linux-gnu-c++ -v >&5
Reading specs from /afs/crc.nd.edu/user/r/rgoldouz/miniconda3/bin/../lib/gcc/x86_64-conda-linux-gnu/12.4.0/specs
could not find specs file conda.specs
COLLECT_GCC=/afs/crc.nd.edu/user/r/rgoldouz/miniconda3/bin/x86_64-conda-linux-gnu-c++
COLLECT_LTO_WRAPPER=/afs/crc.nd.edu/user/r/rgoldouz/miniconda3/bin/../libexec/gcc/x86_64-conda-linux-gnu/12.4.0/lto-wrapper
Target: x86_64-conda-linux-gnu
Configured with: ../configure --prefix=/home/conda/feedstock_root/build_artifacts/gcc_compilers_1719535637166/_h_env_placehold_placehold_placehold_placehold_placehold_placehold_placehold_placehold_placehold_placehold_placehold_placehold_placehold_placehold_placehold_placehold_placehold_placeho --with-slibdir=/home/conda/feedstock_root/build_artifacts/gcc_compilers_1719535637166/_h_env_placehold_placehold_placehold_placehold_placehold_placehold_placehold_placehold_placehold_placehold_placehold_placehold_placehold_placehold_placehold_placehold_placehold_placeho/lib --libdir=/home/conda/feedstock_root/build_artifacts/gcc_compilers_1719535637166/_h_env_placehold_placehold_placehold_placehold_placehold_placehold_placehold_placehold_placehold_placehold_placehold_placehold_placehold_placehold_placehold_placehold_placehold_placeho/lib --mandir=/home/conda/feedstock_root/build_artifacts/gcc_compilers_1719535637166/_h_env_placehold_placehold_placehold_placehold_placehold_placehold_placehold_placehold_placehold_placehold_placehold_placehold_placehold_placehold_placehold_placehold_placehold_placeho/man --build=x86_64-conda-linux-gnu --host=x86_64-conda-linux-gnu --target=x86_64-conda-linux-gnu --enable-languages=c,c++,fortran,objc,obj-c++ --enable-__cxa_atexit --disable-libmudflap --enable-libgomp --disable-libssp --enable-libquadmath --enable-libquadmath-support --enable-lto --enable-target-optspace --enable-plugin --enable-gold --disable-nls --disable-bootstrap --disable-multilib --enable-long-long --with-sysroot=/home/conda/feedstock_root/build_artifacts/gcc_compilers_1719535637166/_h_env_placehold_placehold_placehold_placehold_placehold_placehold_placehold_placehold_placehold_placehold_placehold_placehold_placehold_placehold_placehold_placehold_placehold_placeho/x86_64-conda-linux-gnu/sysroot --with-build-sysroot=/home/conda/feedstock_root/build_artifacts/gcc_compilers_1719535637166/work/cf-compilers/x86_64-conda-linux-gnu/sysroot --with-native-system-header-dir=/usr/include --with-gxx-include-dir=/home/conda/feedstock_root/build_artifacts/gcc_compilers_1719535637166/_h_env_placehold_placehold_placehold_placehold_placehold_placehold_placehold_placehold_placehold_placehold_placehold_placehold_placehold_placehold_placehold_placehold_placehold_placeho/lib/gcc/x86_64-conda-linux-gnu/12.4.0/include/c++ --with-pkgversion='conda-forge gcc 12.4.0-0' --with-bugurl=https://github.com/conda-forge/ctng-compilers-feedstock/issues/new/choose --enable-libsanitizer --enable-default-pie --enable-threads=posix
Thread model: posix
Supported LTO compression algorithms: zlib
gcc version 12.4.0 (conda-forge gcc 12.4.0-0) 
configure:3180: $? = 0
configure:3169: /afs/crc.nd.edu/user/r/rgoldouz/miniconda3/bin/x86_64-conda-linux-gnu-c++ -V >&5
x86_64-conda-linux-gnu-c++: error: unrecognized command-line option '-V'
x86_64-conda-linux-gnu-c++: fatal error: no input files
compilation terminated.
configure:3180: $? = 1
configure:3169: /afs/crc.nd.edu/user/r/rgoldouz/miniconda3/bin/x86_64-conda-linux-gnu-c++ -qversion >&5
x86_64-conda-linux-gnu-c++: error: unrecognized command-line option '-qversion'; did you mean '--version'?
x86_64-conda-linux-gnu-c++: fatal error: no input files
compilation terminated.
configure:3180: $? = 1
configure:3200: checking whether the C++ compiler works
configure:3222: /afs/crc.nd.edu/user/r/rgoldouz/miniconda3/bin/x86_64-conda-linux-gnu-c++ -fvisibility-inlines-hidden -fmessage-length=0 -march=nocona -mtune=haswell -ftree-vectorize -fPIC -fstack-protector-strong -fno-plt -O2 -ffunction-sections -pipe -isystem /afs/crc.nd.edu/user/r/rgoldouz/miniconda3/include -DNDEBUG -D_FORTIFY_SOURCE=2 -O2 -isystem /afs/crc.nd.edu/user/r/rgoldouz/miniconda3/include -Wl,-O2 -Wl,--sort-common -Wl,--as-needed -Wl,-z,relro -Wl,-z,now -Wl,--disable-new-dtags -Wl,--gc-sections -Wl,--allow-shlib-undefined -Wl,-rpath,/afs/crc.nd.edu/user/r/rgoldouz/miniconda3/lib -Wl,-rpath-link,/afs/crc.nd.edu/user/r/rgoldouz/miniconda3/lib -L/afs/crc.nd.edu/user/r/rgoldouz/miniconda3/lib conftest.cpp  >&5
configure:3226: $? = 0
configure:3274: result: yes
configure:3277: checking for C++ compiler default output file name
configure:3279: result: a.out
configure:3285: checking for suffix of executables
configure:3292: /afs/crc.nd.edu/user/r/rgoldouz/miniconda3/bin/x86_64-conda-linux-gnu-c++ -o conftest -fvisibility-inlines-hidden -fmessage-length=0 -march=nocona -mtune=haswell -ftree-vectorize -fPIC -fstack-protector-strong -fno-plt -O2 -ffunction-sections -pipe -isystem /afs/crc.nd.edu/user/r/rgoldouz/miniconda3/include -DNDEBUG -D_FORTIFY_SOURCE=2 -O2 -isystem /afs/crc.nd.edu/user/r/rgoldouz/miniconda3/include -Wl,-O2 -Wl,--sort-common -Wl,--as-needed -Wl,-z,relro -Wl,-z,now -Wl,--disable-new-dtags -Wl,--gc-sections -Wl,--allow-shlib-undefined -Wl,-rpath,/afs/crc.nd.edu/user/r/rgoldouz/miniconda3/lib -Wl,-rpath-link,/afs/crc.nd.edu/user/r/rgoldouz/miniconda3/lib -L/afs/crc.nd.edu/user/r/rgoldouz/miniconda3/lib conftest.cpp  >&5
configure:3296: $? = 0
configure:3318: result: 
configure:3340: checking whether we are cross compiling
configure:3348: /afs/crc.nd.edu/user/r/rgoldouz/miniconda3/bin/x86_64-conda-linux-gnu-c++ -o conftest -fvisibility-inlines-hidden -fmessage-length=0 -march=nocona -mtune=haswell -ftree-vectorize -fPIC -fstack-protector-strong -fno-plt -O2 -ffunction-sections -pipe -isystem /afs/crc.nd.edu/user/r/rgoldouz/miniconda3/include -DNDEBUG -D_FORTIFY_SOURCE=2 -O2 -isystem /afs/crc.nd.edu/user/r/rgoldouz/miniconda3/include -Wl,-O2 -Wl,--sort-common -Wl,--as-needed -Wl,-z,relro -Wl,-z,now -Wl,--disable-new-dtags -Wl,--gc-sections -Wl,--allow-shlib-undefined -Wl,-rpath,/afs/crc.nd.edu/user/r/rgoldouz/miniconda3/lib -Wl,-rpath-link,/afs/crc.nd.edu/user/r/rgoldouz/miniconda3/lib -L/afs/crc.nd.edu/user/r/rgoldouz/miniconda3/lib conftest.cpp  >&5
configure:3352: $? = 0
configure:3359: ./conftest
configure:3363: $? = 0
configure:3378: result: no
configure:3383: checking for suffix of object files
configure:3405: /afs/crc.nd.edu/user/r/rgoldouz/miniconda3/bin/x86_64-conda-linux-gnu-c++ -c -fvisibility-inlines-hidden -fmessage-length=0 -march=nocona -mtune=haswell -ftree-vectorize -fPIC -fstack-protector-strong -fno-plt -O2 -ffunction-sections -pipe -isystem /afs/crc.nd.edu/user/r/rgoldouz/miniconda3/include -DNDEBUG -D_FORTIFY_SOURCE=2 -O2 -isystem /afs/crc.nd.edu/user/r/rgoldouz/miniconda3/include conftest.cpp >&5
configure:3409: $? = 0
configure:3430: result: o
configure:3434: checking whether we are using the GNU C++ compiler
configure:3453: /afs/crc.nd.edu/user/r/rgoldouz/miniconda3/bin/x86_64-conda-linux-gnu-c++ -c -fvisibility-inlines-hidden -fmessage-length=0 -march=nocona -mtune=haswell -ftree-vectorize -fPIC -fstack-protector-strong -fno-plt -O2 -ffunction-sections -pipe -isystem /afs/crc.nd.edu/user/r/rgoldouz/miniconda3/include -DNDEBUG -D_FORTIFY_SOURCE=2 -O2 -isystem /afs/crc.nd.edu/user/r/rgoldouz/miniconda3/include conftest.cpp >&5
configure:3453: $? = 0
configure:3462: result: yes
configure:3471: checking whether /afs/crc.nd.edu/user/r/rgoldouz/miniconda3/bin/x86_64-conda-linux-gnu-c++ accepts -g
configure:3491: /afs/crc.nd.edu/user/r/rgoldouz/miniconda3/bin/x86_64-conda-linux-gnu-c++ -c -g -DNDEBUG -D_FORTIFY_SOURCE=2 -O2 -isystem /afs/crc.nd.edu/user/r/rgoldouz/miniconda3/include conftest.cpp >&5
configure:3491: $? = 0
configure:3532: result: yes
configure:3558: checking whether make supports the include directive
configure:3573: make -f confmf.GNU && cat confinc.out
this is the am__doit target
configure:3576: $? = 0
configure:3595: result: yes (GNU style)
configure:3620: checking dependency style of /afs/crc.nd.edu/user/r/rgoldouz/miniconda3/bin/x86_64-conda-linux-gnu-c++
configure:3731: result: gcc3
configure:3751: checking for x86_64-conda-linux-gnu-c++
configure:3767: found /afs/crc.nd.edu/user/r/rgoldouz/miniconda3/bin/x86_64-conda-linux-gnu-c++
configure:3779: result: yes
configure:3807: checking if /afs/crc.nd.edu/user/r/rgoldouz/miniconda3/bin/x86_64-conda-linux-gnu-c++ supports -Woverloaded-virtual flag
configure:3822: /afs/crc.nd.edu/user/r/rgoldouz/miniconda3/bin/x86_64-conda-linux-gnu-c++ -c -Woverloaded-virtual -DNDEBUG -D_FORTIFY_SOURCE=2 -O2 -isystem /afs/crc.nd.edu/user/r/rgoldouz/miniconda3/include conftest.cpp >&5
configure:3822: $? = 0
configure:3835: result: yes
configure:3863: checking for x86_64-conda-linux-gnu-gcc
configure:3890: result: /afs/crc.nd.edu/user/r/rgoldouz/miniconda3/bin/x86_64-conda-linux-gnu-cc
configure:4159: checking for C compiler version
configure:4168: /afs/crc.nd.edu/user/r/rgoldouz/miniconda3/bin/x86_64-conda-linux-gnu-cc --version >&5
x86_64-conda-linux-gnu-cc (conda-forge gcc 12.4.0-0) 12.4.0
Copyright (C) 2022 Free Software Foundation, Inc.
This is free software; see the source for copying conditions.  There is NO
warranty; not even for MERCHANTABILITY or FITNESS FOR A PARTICULAR PURPOSE.

configure:4179: $? = 0
configure:4168: /afs/crc.nd.edu/user/r/rgoldouz/miniconda3/bin/x86_64-conda-linux-gnu-cc -v >&5
Reading specs from /afs/crc.nd.edu/user/r/rgoldouz/miniconda3/bin/../lib/gcc/x86_64-conda-linux-gnu/12.4.0/specs
could not find specs file conda.specs
COLLECT_GCC=/afs/crc.nd.edu/user/r/rgoldouz/miniconda3/bin/x86_64-conda-linux-gnu-cc
COLLECT_LTO_WRAPPER=/afs/crc.nd.edu/user/r/rgoldouz/miniconda3/bin/../libexec/gcc/x86_64-conda-linux-gnu/12.4.0/lto-wrapper
Target: x86_64-conda-linux-gnu
Configured with: ../configure --prefix=/home/conda/feedstock_root/build_artifacts/gcc_compilers_1719535637166/_h_env_placehold_placehold_placehold_placehold_placehold_placehold_placehold_placehold_placehold_placehold_placehold_placehold_placehold_placehold_placehold_placehold_placehold_placeho --with-slibdir=/home/conda/feedstock_root/build_artifacts/gcc_compilers_1719535637166/_h_env_placehold_placehold_placehold_placehold_placehold_placehold_placehold_placehold_placehold_placehold_placehold_placehold_placehold_placehold_placehold_placehold_placehold_placeho/lib --libdir=/home/conda/feedstock_root/build_artifacts/gcc_compilers_1719535637166/_h_env_placehold_placehold_placehold_placehold_placehold_placehold_placehold_placehold_placehold_placehold_placehold_placehold_placehold_placehold_placehold_placehold_placehold_placeho/lib --mandir=/home/conda/feedstock_root/build_artifacts/gcc_compilers_1719535637166/_h_env_placehold_placehold_placehold_placehold_placehold_placehold_placehold_placehold_placehold_placehold_placehold_placehold_placehold_placehold_placehold_placehold_placehold_placeho/man --build=x86_64-conda-linux-gnu --host=x86_64-conda-linux-gnu --target=x86_64-conda-linux-gnu --enable-languages=c,c++,fortran,objc,obj-c++ --enable-__cxa_atexit --disable-libmudflap --enable-libgomp --disable-libssp --enable-libquadmath --enable-libquadmath-support --enable-lto --enable-target-optspace --enable-plugin --enable-gold --disable-nls --disable-bootstrap --disable-multilib --enable-long-long --with-sysroot=/home/conda/feedstock_root/build_artifacts/gcc_compilers_1719535637166/_h_env_placehold_placehold_placehold_placehold_placehold_placehold_placehold_placehold_placehold_placehold_placehold_placehold_placehold_placehold_placehold_placehold_placehold_placeho/x86_64-conda-linux-gnu/sysroot --with-build-sysroot=/home/conda/feedstock_root/build_artifacts/gcc_compilers_1719535637166/work/cf-compilers/x86_64-conda-linux-gnu/sysroot --with-native-system-header-dir=/usr/include --with-gxx-include-dir=/home/conda/feedstock_root/build_artifacts/gcc_compilers_1719535637166/_h_env_placehold_placehold_placehold_placehold_placehold_placehold_placehold_placehold_placehold_placehold_placehold_placehold_placehold_placehold_placehold_placehold_placehold_placeho/lib/gcc/x86_64-conda-linux-gnu/12.4.0/include/c++ --with-pkgversion='conda-forge gcc 12.4.0-0' --with-bugurl=https://github.com/conda-forge/ctng-compilers-feedstock/issues/new/choose --enable-libsanitizer --enable-default-pie --enable-threads=posix
Thread model: posix
Supported LTO compression algorithms: zlib
gcc version 12.4.0 (conda-forge gcc 12.4.0-0) 
configure:4179: $? = 0
configure:4168: /afs/crc.nd.edu/user/r/rgoldouz/miniconda3/bin/x86_64-conda-linux-gnu-cc -V >&5
x86_64-conda-linux-gnu-cc: error: unrecognized command-line option '-V'
x86_64-conda-linux-gnu-cc: fatal error: no input files
compilation terminated.
configure:4179: $? = 1
configure:4168: /afs/crc.nd.edu/user/r/rgoldouz/miniconda3/bin/x86_64-conda-linux-gnu-cc -qversion >&5
x86_64-conda-linux-gnu-cc: error: unrecognized command-line option '-qversion'; did you mean '--version'?
x86_64-conda-linux-gnu-cc: fatal error: no input files
compilation terminated.
configure:4179: $? = 1
configure:4183: checking whether we are using the GNU C compiler
configure:4202: /afs/crc.nd.edu/user/r/rgoldouz/miniconda3/bin/x86_64-conda-linux-gnu-cc -c -march=nocona -mtune=haswell -ftree-vectorize -fPIC -fstack-protector-strong -fno-plt -O2 -ffunction-sections -pipe -isystem /afs/crc.nd.edu/user/r/rgoldouz/miniconda3/include -DNDEBUG -D_FORTIFY_SOURCE=2 -O2 -isystem /afs/crc.nd.edu/user/r/rgoldouz/miniconda3/include conftest.c >&5
configure:4202: $? = 0
configure:4211: result: yes
configure:4220: checking whether /afs/crc.nd.edu/user/r/rgoldouz/miniconda3/bin/x86_64-conda-linux-gnu-cc accepts -g
configure:4240: /afs/crc.nd.edu/user/r/rgoldouz/miniconda3/bin/x86_64-conda-linux-gnu-cc -c -g -DNDEBUG -D_FORTIFY_SOURCE=2 -O2 -isystem /afs/crc.nd.edu/user/r/rgoldouz/miniconda3/include conftest.c >&5
configure:4240: $? = 0
configure:4281: result: yes
configure:4298: checking for /afs/crc.nd.edu/user/r/rgoldouz/miniconda3/bin/x86_64-conda-linux-gnu-cc option to accept ISO C89
configure:4361: /afs/crc.nd.edu/user/r/rgoldouz/miniconda3/bin/x86_64-conda-linux-gnu-cc  -c -march=nocona -mtune=haswell -ftree-vectorize -fPIC -fstack-protector-strong -fno-plt -O2 -ffunction-sections -pipe -isystem /afs/crc.nd.edu/user/r/rgoldouz/miniconda3/include -DNDEBUG -D_FORTIFY_SOURCE=2 -O2 -isystem /afs/crc.nd.edu/user/r/rgoldouz/miniconda3/include conftest.c >&5
configure:4361: $? = 0
configure:4374: result: none needed
configure:4399: checking whether /afs/crc.nd.edu/user/r/rgoldouz/miniconda3/bin/x86_64-conda-linux-gnu-cc understands -c and -o together
configure:4421: /afs/crc.nd.edu/user/r/rgoldouz/miniconda3/bin/x86_64-conda-linux-gnu-cc -c conftest.c -o conftest2.o
configure:4424: $? = 0
configure:4421: /afs/crc.nd.edu/user/r/rgoldouz/miniconda3/bin/x86_64-conda-linux-gnu-cc -c conftest.c -o conftest2.o
configure:4424: $? = 0
configure:4436: result: yes
configure:4455: checking dependency style of /afs/crc.nd.edu/user/r/rgoldouz/miniconda3/bin/x86_64-conda-linux-gnu-cc
configure:4566: result: gcc3
configure:4582: checking for cos in -lm
configure:4607: /afs/crc.nd.edu/user/r/rgoldouz/miniconda3/bin/x86_64-conda-linux-gnu-cc -o conftest -march=nocona -mtune=haswell -ftree-vectorize -fPIC -fstack-protector-strong -fno-plt -O2 -ffunction-sections -pipe -isystem /afs/crc.nd.edu/user/r/rgoldouz/miniconda3/include -DNDEBUG -D_FORTIFY_SOURCE=2 -O2 -isystem /afs/crc.nd.edu/user/r/rgoldouz/miniconda3/include -Wl,-O2 -Wl,--sort-common -Wl,--as-needed -Wl,-z,relro -Wl,-z,now -Wl,--disable-new-dtags -Wl,--gc-sections -Wl,--allow-shlib-undefined -Wl,-rpath,/afs/crc.nd.edu/user/r/rgoldouz/miniconda3/lib -Wl,-rpath-link,/afs/crc.nd.edu/user/r/rgoldouz/miniconda3/lib -L/afs/crc.nd.edu/user/r/rgoldouz/miniconda3/lib conftest.c -lm   >&5
conftest.c:18:6: warning: conflicting types for built-in function 'cos'; expected 'double(double)' [-Wbuiltin-declaration-mismatch]
   18 | char cos ();
      |      ^~~
conftest.c:1:1: note: 'cos' is declared in header '<math.h>'
    1 | /* confdefs.h */
configure:4607: $? = 0
configure:4616: result: yes
configure:4636: checking build system type
configure:4650: result: x86_64-conda-linux-gnu
configure:4670: checking host system type
configure:4683: result: x86_64-conda-linux-gnu
configure:5052: checking how to print strings
configure:5079: result: printf
configure:5100: checking for a sed that does not truncate output
configure:5164: result: /usr/bin/sed
configure:5182: checking for grep that handles long lines and -e
configure:5240: result: /usr/bin/grep
configure:5245: checking for egrep
configure:5307: result: /usr/bin/grep -E
configure:5312: checking for fgrep
configure:5374: result: /usr/bin/grep -F
configure:5409: checking for ld used by /afs/crc.nd.edu/user/r/rgoldouz/miniconda3/bin/x86_64-conda-linux-gnu-cc
configure:5476: result: /afs/crc.nd.edu/user/r/rgoldouz/miniconda3/bin/x86_64-conda-linux-gnu-ld
configure:5483: checking if the linker (/afs/crc.nd.edu/user/r/rgoldouz/miniconda3/bin/x86_64-conda-linux-gnu-ld) is GNU ld
configure:5498: result: yes
configure:5510: checking for BSD- or MS-compatible name lister (nm)
configure:5564: result: /afs/crc.nd.edu/user/r/rgoldouz/miniconda3/bin/x86_64-conda-linux-gnu-nm
configure:5694: checking the name lister (/afs/crc.nd.edu/user/r/rgoldouz/miniconda3/bin/x86_64-conda-linux-gnu-nm) interface
configure:5701: /afs/crc.nd.edu/user/r/rgoldouz/miniconda3/bin/x86_64-conda-linux-gnu-cc -c -march=nocona -mtune=haswell -ftree-vectorize -fPIC -fstack-protector-strong -fno-plt -O2 -ffunction-sections -pipe -isystem /afs/crc.nd.edu/user/r/rgoldouz/miniconda3/include -DNDEBUG -D_FORTIFY_SOURCE=2 -O2 -isystem /afs/crc.nd.edu/user/r/rgoldouz/miniconda3/include conftest.c >&5
configure:5704: /afs/crc.nd.edu/user/r/rgoldouz/miniconda3/bin/x86_64-conda-linux-gnu-nm "conftest.o"
configure:5707: output
0000000000000000 B some_variable
configure:5714: result: BSD nm
configure:5717: checking whether ln -s works
configure:5721: result: yes
configure:5729: checking the maximum length of command line arguments
configure:5860: result: 4718592
configure:5908: checking how to convert x86_64-conda-linux-gnu file names to x86_64-conda-linux-gnu format
configure:5948: result: func_convert_file_noop
configure:5955: checking how to convert x86_64-conda-linux-gnu file names to toolchain format
configure:5975: result: func_convert_file_noop
configure:5982: checking for /afs/crc.nd.edu/user/r/rgoldouz/miniconda3/bin/x86_64-conda-linux-gnu-ld option to reload object files
configure:5989: result: -r
configure:6023: checking for x86_64-conda-linux-gnu-objdump
configure:6050: result: /afs/crc.nd.edu/user/r/rgoldouz/miniconda3/bin/x86_64-conda-linux-gnu-objdump
configure:6119: checking how to recognize dependent libraries
configure:6319: result: pass_all
configure:6364: checking for x86_64-conda-linux-gnu-dlltool
configure:6391: result: dlltool
configure:6461: checking how to associate runtime and link libraries
configure:6488: result: printf %s\n
configure:6504: checking for x86_64-conda-linux-gnu-ar
configure:6531: result: /afs/crc.nd.edu/user/r/rgoldouz/miniconda3/bin/x86_64-conda-linux-gnu-ar
configure:6612: checking for archiver @FILE support
configure:6629: /afs/crc.nd.edu/user/r/rgoldouz/miniconda3/bin/x86_64-conda-linux-gnu-cc -c -march=nocona -mtune=haswell -ftree-vectorize -fPIC -fstack-protector-strong -fno-plt -O2 -ffunction-sections -pipe -isystem /afs/crc.nd.edu/user/r/rgoldouz/miniconda3/include -DNDEBUG -D_FORTIFY_SOURCE=2 -O2 -isystem /afs/crc.nd.edu/user/r/rgoldouz/miniconda3/include conftest.c >&5
configure:6629: $? = 0
configure:6632: /afs/crc.nd.edu/user/r/rgoldouz/miniconda3/bin/x86_64-conda-linux-gnu-ar cru libconftest.a @conftest.lst >&5
configure:6635: $? = 0
configure:6640: /afs/crc.nd.edu/user/r/rgoldouz/miniconda3/bin/x86_64-conda-linux-gnu-ar cru libconftest.a @conftest.lst >&5
/afs/crc.nd.edu/user/r/rgoldouz/miniconda3/bin/x86_64-conda-linux-gnu-ar: conftest.o: No such file or directory
configure:6643: $? = 1
configure:6655: result: @
configure:6673: checking for x86_64-conda-linux-gnu-strip
configure:6700: result: /afs/crc.nd.edu/user/r/rgoldouz/miniconda3/bin/x86_64-conda-linux-gnu-strip
configure:6772: checking for x86_64-conda-linux-gnu-ranlib
configure:6799: result: /afs/crc.nd.edu/user/r/rgoldouz/miniconda3/bin/x86_64-conda-linux-gnu-ranlib
configure:6941: checking command to parse /afs/crc.nd.edu/user/r/rgoldouz/miniconda3/bin/x86_64-conda-linux-gnu-nm output from /afs/crc.nd.edu/user/r/rgoldouz/miniconda3/bin/x86_64-conda-linux-gnu-cc object
configure:7094: /afs/crc.nd.edu/user/r/rgoldouz/miniconda3/bin/x86_64-conda-linux-gnu-cc -c -march=nocona -mtune=haswell -ftree-vectorize -fPIC -fstack-protector-strong -fno-plt -O2 -ffunction-sections -pipe -isystem /afs/crc.nd.edu/user/r/rgoldouz/miniconda3/include -DNDEBUG -D_FORTIFY_SOURCE=2 -O2 -isystem /afs/crc.nd.edu/user/r/rgoldouz/miniconda3/include conftest.c >&5
configure:7097: $? = 0
configure:7101: /afs/crc.nd.edu/user/r/rgoldouz/miniconda3/bin/x86_64-conda-linux-gnu-nm conftest.o \| sed -n -e 's/^.*[ ]\([ABCDGIRSTW][ABCDGIRSTW]*\)[ ][ ]*\([_A-Za-z][_A-Za-z0-9]*\)$/\1 \2 \2/p' | sed '/ __gnu_lto/d' \> conftest.nm
configure:7104: $? = 0
configure:7170: /afs/crc.nd.edu/user/r/rgoldouz/miniconda3/bin/x86_64-conda-linux-gnu-cc -o conftest -march=nocona -mtune=haswell -ftree-vectorize -fPIC -fstack-protector-strong -fno-plt -O2 -ffunction-sections -pipe -isystem /afs/crc.nd.edu/user/r/rgoldouz/miniconda3/include -DNDEBUG -D_FORTIFY_SOURCE=2 -O2 -isystem /afs/crc.nd.edu/user/r/rgoldouz/miniconda3/include -Wl,-O2 -Wl,--sort-common -Wl,--as-needed -Wl,-z,relro -Wl,-z,now -Wl,--disable-new-dtags -Wl,--gc-sections -Wl,--allow-shlib-undefined -Wl,-rpath,/afs/crc.nd.edu/user/r/rgoldouz/miniconda3/lib -Wl,-rpath-link,/afs/crc.nd.edu/user/r/rgoldouz/miniconda3/lib -L/afs/crc.nd.edu/user/r/rgoldouz/miniconda3/lib conftest.c conftstm.o >&5
configure:7173: $? = 0
configure:7211: result: ok
configure:7258: checking for sysroot
configure:7288: result: no
configure:7295: checking for a working dd
configure:7333: result: /usr/bin/dd
configure:7337: checking how to truncate binary pipes
configure:7352: result: /usr/bin/dd bs=4096 count=1
configure:7488: /afs/crc.nd.edu/user/r/rgoldouz/miniconda3/bin/x86_64-conda-linux-gnu-cc -c -march=nocona -mtune=haswell -ftree-vectorize -fPIC -fstack-protector-strong -fno-plt -O2 -ffunction-sections -pipe -isystem /afs/crc.nd.edu/user/r/rgoldouz/miniconda3/include -DNDEBUG -D_FORTIFY_SOURCE=2 -O2 -isystem /afs/crc.nd.edu/user/r/rgoldouz/miniconda3/include conftest.c >&5
configure:7491: $? = 0
configure:7641: checking for x86_64-conda-linux-gnu-mt
configure:7671: result: no
configure:7681: checking for mt
configure:7711: result: no
configure:7731: checking if : is a manifest tool
configure:7737: : '-?'
configure:7745: result: no
configure:8422: checking how to run the C preprocessor
configure:8492: result: /afs/crc.nd.edu/user/r/rgoldouz/miniconda3/bin/x86_64-conda-linux-gnu-cpp
configure:8512: /afs/crc.nd.edu/user/r/rgoldouz/miniconda3/bin/x86_64-conda-linux-gnu-cpp -DNDEBUG -D_FORTIFY_SOURCE=2 -O2 -isystem /afs/crc.nd.edu/user/r/rgoldouz/miniconda3/include conftest.c
configure:8512: $? = 0
configure:8526: /afs/crc.nd.edu/user/r/rgoldouz/miniconda3/bin/x86_64-conda-linux-gnu-cpp -DNDEBUG -D_FORTIFY_SOURCE=2 -O2 -isystem /afs/crc.nd.edu/user/r/rgoldouz/miniconda3/include conftest.c
conftest.c:12:10: fatal error: ac_nonexistent.h: No such file or directory
   12 | #include <ac_nonexistent.h>
      |          ^~~~~~~~~~~~~~~~~~
compilation terminated.
configure:8526: $? = 1
configure: failed program was:
| /* confdefs.h */
| #define PACKAGE_NAME "RestFrames"
| #define PACKAGE_TARNAME "restframes"
| #define PACKAGE_VERSION "1.0.0"
| #define PACKAGE_STRING "RestFrames 1.0.0"
| #define PACKAGE_BUGREPORT ""
| #define PACKAGE_URL ""
| #define PACKAGE "restframes"
| #define VERSION "1.0.0"
| #define HAVE_LIBM 1
| /* end confdefs.h.  */
| #include <ac_nonexistent.h>
configure:8555: checking for ANSI C header files
configure:8575: /afs/crc.nd.edu/user/r/rgoldouz/miniconda3/bin/x86_64-conda-linux-gnu-cc -c -march=nocona -mtune=haswell -ftree-vectorize -fPIC -fstack-protector-strong -fno-plt -O2 -ffunction-sections -pipe -isystem /afs/crc.nd.edu/user/r/rgoldouz/miniconda3/include -DNDEBUG -D_FORTIFY_SOURCE=2 -O2 -isystem /afs/crc.nd.edu/user/r/rgoldouz/miniconda3/include conftest.c >&5
configure:8575: $? = 0
configure:8648: /afs/crc.nd.edu/user/r/rgoldouz/miniconda3/bin/x86_64-conda-linux-gnu-cc -o conftest -march=nocona -mtune=haswell -ftree-vectorize -fPIC -fstack-protector-strong -fno-plt -O2 -ffunction-sections -pipe -isystem /afs/crc.nd.edu/user/r/rgoldouz/miniconda3/include -DNDEBUG -D_FORTIFY_SOURCE=2 -O2 -isystem /afs/crc.nd.edu/user/r/rgoldouz/miniconda3/include -Wl,-O2 -Wl,--sort-common -Wl,--as-needed -Wl,-z,relro -Wl,-z,now -Wl,--disable-new-dtags -Wl,--gc-sections -Wl,--allow-shlib-undefined -Wl,-rpath,/afs/crc.nd.edu/user/r/rgoldouz/miniconda3/lib -Wl,-rpath-link,/afs/crc.nd.edu/user/r/rgoldouz/miniconda3/lib -L/afs/crc.nd.edu/user/r/rgoldouz/miniconda3/lib conftest.c -lm  >&5
configure:8648: $? = 0
configure:8648: ./conftest
configure:8648: $? = 0
configure:8659: result: yes
configure:8672: checking for sys/types.h
configure:8672: /afs/crc.nd.edu/user/r/rgoldouz/miniconda3/bin/x86_64-conda-linux-gnu-cc -c -march=nocona -mtune=haswell -ftree-vectorize -fPIC -fstack-protector-strong -fno-plt -O2 -ffunction-sections -pipe -isystem /afs/crc.nd.edu/user/r/rgoldouz/miniconda3/include -DNDEBUG -D_FORTIFY_SOURCE=2 -O2 -isystem /afs/crc.nd.edu/user/r/rgoldouz/miniconda3/include conftest.c >&5
configure:8672: $? = 0
configure:8672: result: yes
configure:8672: checking for sys/stat.h
configure:8672: /afs/crc.nd.edu/user/r/rgoldouz/miniconda3/bin/x86_64-conda-linux-gnu-cc -c -march=nocona -mtune=haswell -ftree-vectorize -fPIC -fstack-protector-strong -fno-plt -O2 -ffunction-sections -pipe -isystem /afs/crc.nd.edu/user/r/rgoldouz/miniconda3/include -DNDEBUG -D_FORTIFY_SOURCE=2 -O2 -isystem /afs/crc.nd.edu/user/r/rgoldouz/miniconda3/include conftest.c >&5
configure:8672: $? = 0
configure:8672: result: yes
configure:8672: checking for stdlib.h
configure:8672: /afs/crc.nd.edu/user/r/rgoldouz/miniconda3/bin/x86_64-conda-linux-gnu-cc -c -march=nocona -mtune=haswell -ftree-vectorize -fPIC -fstack-protector-strong -fno-plt -O2 -ffunction-sections -pipe -isystem /afs/crc.nd.edu/user/r/rgoldouz/miniconda3/include -DNDEBUG -D_FORTIFY_SOURCE=2 -O2 -isystem /afs/crc.nd.edu/user/r/rgoldouz/miniconda3/include conftest.c >&5
configure:8672: $? = 0
configure:8672: result: yes
configure:8672: checking for string.h
configure:8672: /afs/crc.nd.edu/user/r/rgoldouz/miniconda3/bin/x86_64-conda-linux-gnu-cc -c -march=nocona -mtune=haswell -ftree-vectorize -fPIC -fstack-protector-strong -fno-plt -O2 -ffunction-sections -pipe -isystem /afs/crc.nd.edu/user/r/rgoldouz/miniconda3/include -DNDEBUG -D_FORTIFY_SOURCE=2 -O2 -isystem /afs/crc.nd.edu/user/r/rgoldouz/miniconda3/include conftest.c >&5
configure:8672: $? = 0
configure:8672: result: yes
configure:8672: checking for memory.h
configure:8672: /afs/crc.nd.edu/user/r/rgoldouz/miniconda3/bin/x86_64-conda-linux-gnu-cc -c -march=nocona -mtune=haswell -ftree-vectorize -fPIC -fstack-protector-strong -fno-plt -O2 -ffunction-sections -pipe -isystem /afs/crc.nd.edu/user/r/rgoldouz/miniconda3/include -DNDEBUG -D_FORTIFY_SOURCE=2 -O2 -isystem /afs/crc.nd.edu/user/r/rgoldouz/miniconda3/include conftest.c >&5
configure:8672: $? = 0
configure:8672: result: yes
configure:8672: checking for strings.h
configure:8672: /afs/crc.nd.edu/user/r/rgoldouz/miniconda3/bin/x86_64-conda-linux-gnu-cc -c -march=nocona -mtune=haswell -ftree-vectorize -fPIC -fstack-protector-strong -fno-plt -O2 -ffunction-sections -pipe -isystem /afs/crc.nd.edu/user/r/rgoldouz/miniconda3/include -DNDEBUG -D_FORTIFY_SOURCE=2 -O2 -isystem /afs/crc.nd.edu/user/r/rgoldouz/miniconda3/include conftest.c >&5
configure:8672: $? = 0
configure:8672: result: yes
configure:8672: checking for inttypes.h
configure:8672: /afs/crc.nd.edu/user/r/rgoldouz/miniconda3/bin/x86_64-conda-linux-gnu-cc -c -march=nocona -mtune=haswell -ftree-vectorize -fPIC -fstack-protector-strong -fno-plt -O2 -ffunction-sections -pipe -isystem /afs/crc.nd.edu/user/r/rgoldouz/miniconda3/include -DNDEBUG -D_FORTIFY_SOURCE=2 -O2 -isystem /afs/crc.nd.edu/user/r/rgoldouz/miniconda3/include conftest.c >&5
configure:8672: $? = 0
configure:8672: result: yes
configure:8672: checking for stdint.h
configure:8672: /afs/crc.nd.edu/user/r/rgoldouz/miniconda3/bin/x86_64-conda-linux-gnu-cc -c -march=nocona -mtune=haswell -ftree-vectorize -fPIC -fstack-protector-strong -fno-plt -O2 -ffunction-sections -pipe -isystem /afs/crc.nd.edu/user/r/rgoldouz/miniconda3/include -DNDEBUG -D_FORTIFY_SOURCE=2 -O2 -isystem /afs/crc.nd.edu/user/r/rgoldouz/miniconda3/include conftest.c >&5
configure:8672: $? = 0
configure:8672: result: yes
configure:8672: checking for unistd.h
configure:8672: /afs/crc.nd.edu/user/r/rgoldouz/miniconda3/bin/x86_64-conda-linux-gnu-cc -c -march=nocona -mtune=haswell -ftree-vectorize -fPIC -fstack-protector-strong -fno-plt -O2 -ffunction-sections -pipe -isystem /afs/crc.nd.edu/user/r/rgoldouz/miniconda3/include -DNDEBUG -D_FORTIFY_SOURCE=2 -O2 -isystem /afs/crc.nd.edu/user/r/rgoldouz/miniconda3/include conftest.c >&5
configure:8672: $? = 0
configure:8672: result: yes
configure:8686: checking for dlfcn.h
configure:8686: /afs/crc.nd.edu/user/r/rgoldouz/miniconda3/bin/x86_64-conda-linux-gnu-cc -c -march=nocona -mtune=haswell -ftree-vectorize -fPIC -fstack-protector-strong -fno-plt -O2 -ffunction-sections -pipe -isystem /afs/crc.nd.edu/user/r/rgoldouz/miniconda3/include -DNDEBUG -D_FORTIFY_SOURCE=2 -O2 -isystem /afs/crc.nd.edu/user/r/rgoldouz/miniconda3/include conftest.c >&5
configure:8686: $? = 0
configure:8686: result: yes
configure:8950: checking for objdir
configure:8965: result: .libs
configure:9225: checking if /afs/crc.nd.edu/user/r/rgoldouz/miniconda3/bin/x86_64-conda-linux-gnu-cc supports -fno-rtti -fno-exceptions
configure:9243: /afs/crc.nd.edu/user/r/rgoldouz/miniconda3/bin/x86_64-conda-linux-gnu-cc -c -march=nocona -mtune=haswell -ftree-vectorize -fPIC -fstack-protector-strong -fno-plt -O2 -ffunction-sections -pipe -isystem /afs/crc.nd.edu/user/r/rgoldouz/miniconda3/include -DNDEBUG -D_FORTIFY_SOURCE=2 -O2 -isystem /afs/crc.nd.edu/user/r/rgoldouz/miniconda3/include -fno-rtti -fno-exceptions conftest.c >&5
cc1: warning: command-line option '-fno-rtti' is valid for C++/D/ObjC++ but not for C
configure:9247: $? = 0
configure:9260: result: no
configure:9618: checking for /afs/crc.nd.edu/user/r/rgoldouz/miniconda3/bin/x86_64-conda-linux-gnu-cc option to produce PIC
configure:9625: result: -fPIC -DPIC
configure:9633: checking if /afs/crc.nd.edu/user/r/rgoldouz/miniconda3/bin/x86_64-conda-linux-gnu-cc PIC flag -fPIC -DPIC works
configure:9651: /afs/crc.nd.edu/user/r/rgoldouz/miniconda3/bin/x86_64-conda-linux-gnu-cc -c -march=nocona -mtune=haswell -ftree-vectorize -fPIC -fstack-protector-strong -fno-plt -O2 -ffunction-sections -pipe -isystem /afs/crc.nd.edu/user/r/rgoldouz/miniconda3/include -DNDEBUG -D_FORTIFY_SOURCE=2 -O2 -isystem /afs/crc.nd.edu/user/r/rgoldouz/miniconda3/include -fPIC -DPIC -DPIC conftest.c >&5
configure:9655: $? = 0
configure:9668: result: yes
configure:9697: checking if /afs/crc.nd.edu/user/r/rgoldouz/miniconda3/bin/x86_64-conda-linux-gnu-cc static flag -static works
configure:9725: result: no
configure:9740: checking if /afs/crc.nd.edu/user/r/rgoldouz/miniconda3/bin/x86_64-conda-linux-gnu-cc supports -c -o file.o
configure:9761: /afs/crc.nd.edu/user/r/rgoldouz/miniconda3/bin/x86_64-conda-linux-gnu-cc -c -march=nocona -mtune=haswell -ftree-vectorize -fPIC -fstack-protector-strong -fno-plt -O2 -ffunction-sections -pipe -isystem /afs/crc.nd.edu/user/r/rgoldouz/miniconda3/include -DNDEBUG -D_FORTIFY_SOURCE=2 -O2 -isystem /afs/crc.nd.edu/user/r/rgoldouz/miniconda3/include -o out/conftest2.o conftest.c >&5
configure:9765: $? = 0
configure:9787: result: yes
configure:9795: checking if /afs/crc.nd.edu/user/r/rgoldouz/miniconda3/bin/x86_64-conda-linux-gnu-cc supports -c -o file.o
configure:9842: result: yes
configure:9875: checking whether the /afs/crc.nd.edu/user/r/rgoldouz/miniconda3/bin/x86_64-conda-linux-gnu-cc linker (/afs/crc.nd.edu/user/r/rgoldouz/miniconda3/bin/x86_64-conda-linux-gnu-ld -m elf_x86_64) supports shared libraries
configure:11134: result: yes
configure:11171: checking whether -lc should be explicitly linked in
configure:11179: /afs/crc.nd.edu/user/r/rgoldouz/miniconda3/bin/x86_64-conda-linux-gnu-cc -c -march=nocona -mtune=haswell -ftree-vectorize -fPIC -fstack-protector-strong -fno-plt -O2 -ffunction-sections -pipe -isystem /afs/crc.nd.edu/user/r/rgoldouz/miniconda3/include -DNDEBUG -D_FORTIFY_SOURCE=2 -O2 -isystem /afs/crc.nd.edu/user/r/rgoldouz/miniconda3/include conftest.c >&5
configure:11182: $? = 0
configure:11197: /afs/crc.nd.edu/user/r/rgoldouz/miniconda3/bin/x86_64-conda-linux-gnu-cc -shared  -fPIC -DPIC conftest.o  -v -Wl,-soname -Wl,conftest -o conftest 2\>\&1 \| /usr/bin/grep  -lc  \>/dev/null 2\>\&1
configure:11200: $? = 0
configure:11214: result: no
configure:11374: checking dynamic linker characteristics
configure:11955: /afs/crc.nd.edu/user/r/rgoldouz/miniconda3/bin/x86_64-conda-linux-gnu-cc -o conftest -march=nocona -mtune=haswell -ftree-vectorize -fPIC -fstack-protector-strong -fno-plt -O2 -ffunction-sections -pipe -isystem /afs/crc.nd.edu/user/r/rgoldouz/miniconda3/include -DNDEBUG -D_FORTIFY_SOURCE=2 -O2 -isystem /afs/crc.nd.edu/user/r/rgoldouz/miniconda3/include -Wl,-O2 -Wl,--sort-common -Wl,--as-needed -Wl,-z,relro -Wl,-z,now -Wl,--disable-new-dtags -Wl,--gc-sections -Wl,--allow-shlib-undefined -Wl,-rpath,/afs/crc.nd.edu/user/r/rgoldouz/miniconda3/lib -Wl,-rpath-link,/afs/crc.nd.edu/user/r/rgoldouz/miniconda3/lib -L/afs/crc.nd.edu/user/r/rgoldouz/miniconda3/lib -Wl,-rpath -Wl,/foo conftest.c -lm  >&5
configure:11955: $? = 0
configure:12192: result: GNU/Linux ld.so
configure:12314: checking how to hardcode library paths into programs
configure:12339: result: immediate
configure:12887: checking whether stripping libraries is possible
configure:12892: result: yes
configure:12927: checking if libtool supports shared libraries
configure:12929: result: yes
configure:12932: checking whether to build shared libraries
configure:12957: result: yes
configure:12960: checking whether to build static libraries
configure:12964: result: yes
configure:12987: checking how to run the C++ preprocessor
configure:13014: /afs/crc.nd.edu/user/r/rgoldouz/miniconda3/bin/x86_64-conda-linux-gnu-c++ -E -DNDEBUG -D_FORTIFY_SOURCE=2 -O2 -isystem /afs/crc.nd.edu/user/r/rgoldouz/miniconda3/include conftest.cpp
configure:13014: $? = 0
configure:13028: /afs/crc.nd.edu/user/r/rgoldouz/miniconda3/bin/x86_64-conda-linux-gnu-c++ -E -DNDEBUG -D_FORTIFY_SOURCE=2 -O2 -isystem /afs/crc.nd.edu/user/r/rgoldouz/miniconda3/include conftest.cpp
conftest.cpp:24:10: fatal error: ac_nonexistent.h: No such file or directory
   24 | #include <ac_nonexistent.h>
      |          ^~~~~~~~~~~~~~~~~~
compilation terminated.
configure:13028: $? = 1
configure: failed program was:
| /* confdefs.h */
| #define PACKAGE_NAME "RestFrames"
| #define PACKAGE_TARNAME "restframes"
| #define PACKAGE_VERSION "1.0.0"
| #define PACKAGE_STRING "RestFrames 1.0.0"
| #define PACKAGE_BUGREPORT ""
| #define PACKAGE_URL ""
| #define PACKAGE "restframes"
| #define VERSION "1.0.0"
| #define HAVE_LIBM 1
| #define STDC_HEADERS 1
| #define HAVE_SYS_TYPES_H 1
| #define HAVE_SYS_STAT_H 1
| #define HAVE_STDLIB_H 1
| #define HAVE_STRING_H 1
| #define HAVE_MEMORY_H 1
| #define HAVE_STRINGS_H 1
| #define HAVE_INTTYPES_H 1
| #define HAVE_STDINT_H 1
| #define HAVE_UNISTD_H 1
| #define HAVE_DLFCN_H 1
| #define LT_OBJDIR ".libs/"
| /* end confdefs.h.  */
| #include <ac_nonexistent.h>
configure:13053: result: /afs/crc.nd.edu/user/r/rgoldouz/miniconda3/bin/x86_64-conda-linux-gnu-c++ -E
configure:13073: /afs/crc.nd.edu/user/r/rgoldouz/miniconda3/bin/x86_64-conda-linux-gnu-c++ -E -DNDEBUG -D_FORTIFY_SOURCE=2 -O2 -isystem /afs/crc.nd.edu/user/r/rgoldouz/miniconda3/include conftest.cpp
configure:13073: $? = 0
configure:13087: /afs/crc.nd.edu/user/r/rgoldouz/miniconda3/bin/x86_64-conda-linux-gnu-c++ -E -DNDEBUG -D_FORTIFY_SOURCE=2 -O2 -isystem /afs/crc.nd.edu/user/r/rgoldouz/miniconda3/include conftest.cpp
conftest.cpp:24:10: fatal error: ac_nonexistent.h: No such file or directory
   24 | #include <ac_nonexistent.h>
      |          ^~~~~~~~~~~~~~~~~~
compilation terminated.
configure:13087: $? = 1
configure: failed program was:
| /* confdefs.h */
| #define PACKAGE_NAME "RestFrames"
| #define PACKAGE_TARNAME "restframes"
| #define PACKAGE_VERSION "1.0.0"
| #define PACKAGE_STRING "RestFrames 1.0.0"
| #define PACKAGE_BUGREPORT ""
| #define PACKAGE_URL ""
| #define PACKAGE "restframes"
| #define VERSION "1.0.0"
| #define HAVE_LIBM 1
| #define STDC_HEADERS 1
| #define HAVE_SYS_TYPES_H 1
| #define HAVE_SYS_STAT_H 1
| #define HAVE_STDLIB_H 1
| #define HAVE_STRING_H 1
| #define HAVE_MEMORY_H 1
| #define HAVE_STRINGS_H 1
| #define HAVE_INTTYPES_H 1
| #define HAVE_STDINT_H 1
| #define HAVE_UNISTD_H 1
| #define HAVE_DLFCN_H 1
| #define LT_OBJDIR ".libs/"
| /* end confdefs.h.  */
| #include <ac_nonexistent.h>
configure:13249: checking for ld used by /afs/crc.nd.edu/user/r/rgoldouz/miniconda3/bin/x86_64-conda-linux-gnu-c++
configure:13316: result: /afs/crc.nd.edu/user/r/rgoldouz/miniconda3/bin/x86_64-conda-linux-gnu-ld -m elf_x86_64
configure:13323: checking if the linker (/afs/crc.nd.edu/user/r/rgoldouz/miniconda3/bin/x86_64-conda-linux-gnu-ld -m elf_x86_64) is GNU ld
configure:13338: result: yes
configure:13393: checking whether the /afs/crc.nd.edu/user/r/rgoldouz/miniconda3/bin/x86_64-conda-linux-gnu-c++ linker (/afs/crc.nd.edu/user/r/rgoldouz/miniconda3/bin/x86_64-conda-linux-gnu-ld -m elf_x86_64) supports shared libraries
configure:14466: result: yes
configure:14502: /afs/crc.nd.edu/user/r/rgoldouz/miniconda3/bin/x86_64-conda-linux-gnu-c++ -c -fvisibility-inlines-hidden -fmessage-length=0 -march=nocona -mtune=haswell -ftree-vectorize -fPIC -fstack-protector-strong -fno-plt -O2 -ffunction-sections -pipe -isystem /afs/crc.nd.edu/user/r/rgoldouz/miniconda3/include -DNDEBUG -D_FORTIFY_SOURCE=2 -O2 -isystem /afs/crc.nd.edu/user/r/rgoldouz/miniconda3/include conftest.cpp >&5
configure:14505: $? = 0
configure:14986: checking for /afs/crc.nd.edu/user/r/rgoldouz/miniconda3/bin/x86_64-conda-linux-gnu-c++ option to produce PIC
configure:14993: result: -fPIC -DPIC
configure:15001: checking if /afs/crc.nd.edu/user/r/rgoldouz/miniconda3/bin/x86_64-conda-linux-gnu-c++ PIC flag -fPIC -DPIC works
configure:15019: /afs/crc.nd.edu/user/r/rgoldouz/miniconda3/bin/x86_64-conda-linux-gnu-c++ -c -fvisibility-inlines-hidden -fmessage-length=0 -march=nocona -mtune=haswell -ftree-vectorize -fPIC -fstack-protector-strong -fno-plt -O2 -ffunction-sections -pipe -isystem /afs/crc.nd.edu/user/r/rgoldouz/miniconda3/include -DNDEBUG -D_FORTIFY_SOURCE=2 -O2 -isystem /afs/crc.nd.edu/user/r/rgoldouz/miniconda3/include -fPIC -DPIC -DPIC conftest.cpp >&5
configure:15023: $? = 0
configure:15036: result: yes
configure:15059: checking if /afs/crc.nd.edu/user/r/rgoldouz/miniconda3/bin/x86_64-conda-linux-gnu-c++ static flag -static works
configure:15087: result: no
configure:15099: checking if /afs/crc.nd.edu/user/r/rgoldouz/miniconda3/bin/x86_64-conda-linux-gnu-c++ supports -c -o file.o
configure:15120: /afs/crc.nd.edu/user/r/rgoldouz/miniconda3/bin/x86_64-conda-linux-gnu-c++ -c -fvisibility-inlines-hidden -fmessage-length=0 -march=nocona -mtune=haswell -ftree-vectorize -fPIC -fstack-protector-strong -fno-plt -O2 -ffunction-sections -pipe -isystem /afs/crc.nd.edu/user/r/rgoldouz/miniconda3/include -DNDEBUG -D_FORTIFY_SOURCE=2 -O2 -isystem /afs/crc.nd.edu/user/r/rgoldouz/miniconda3/include -o out/conftest2.o conftest.cpp >&5
configure:15124: $? = 0
configure:15146: result: yes
configure:15151: checking if /afs/crc.nd.edu/user/r/rgoldouz/miniconda3/bin/x86_64-conda-linux-gnu-c++ supports -c -o file.o
configure:15198: result: yes
configure:15228: checking whether the /afs/crc.nd.edu/user/r/rgoldouz/miniconda3/bin/x86_64-conda-linux-gnu-c++ linker (/afs/crc.nd.edu/user/r/rgoldouz/miniconda3/bin/x86_64-conda-linux-gnu-ld -m elf_x86_64) supports shared libraries
configure:15268: result: yes
configure:15409: checking dynamic linker characteristics
configure:16154: result: GNU/Linux ld.so
configure:16219: checking how to hardcode library paths into programs
configure:16244: result: immediate
configure:16324: checking for root-config
configure:16342: found /cvmfs/cms.cern.ch/el9_amd64_gcc12/lcg/root/6.32.13-3ea6c37f14e3f39c0c3ce338c09aec10//bin/root-config
configure:16355: result: /cvmfs/cms.cern.ch/el9_amd64_gcc12/lcg/root/6.32.13-3ea6c37f14e3f39c0c3ce338c09aec10//bin/root-config
configure:16365: checking for root
configure:16383: found /cvmfs/cms.cern.ch/el9_amd64_gcc12/lcg/root/6.32.13-3ea6c37f14e3f39c0c3ce338c09aec10//bin/root
configure:16396: result: /cvmfs/cms.cern.ch/el9_amd64_gcc12/lcg/root/6.32.13-3ea6c37f14e3f39c0c3ce338c09aec10//bin/root
configure:16406: checking for rootcint
configure:16424: found /cvmfs/cms.cern.ch/el9_amd64_gcc12/lcg/root/6.32.13-3ea6c37f14e3f39c0c3ce338c09aec10//bin/rootcint
configure:16437: result: /cvmfs/cms.cern.ch/el9_amd64_gcc12/lcg/root/6.32.13-3ea6c37f14e3f39c0c3ce338c09aec10//bin/rootcint
configure:16498: checking for dlopen in -ldl
configure:16523: /afs/crc.nd.edu/user/r/rgoldouz/miniconda3/bin/x86_64-conda-linux-gnu-cc -o conftest -march=nocona -mtune=haswell -ftree-vectorize -fPIC -fstack-protector-strong -fno-plt -O2 -ffunction-sections -pipe -isystem /afs/crc.nd.edu/user/r/rgoldouz/miniconda3/include -DNDEBUG -D_FORTIFY_SOURCE=2 -O2 -isystem /afs/crc.nd.edu/user/r/rgoldouz/miniconda3/include -Wl,-O2 -Wl,--sort-common -Wl,--as-needed -Wl,-z,relro -Wl,-z,now -Wl,--disable-new-dtags -Wl,--gc-sections -Wl,--allow-shlib-undefined -Wl,-rpath,/afs/crc.nd.edu/user/r/rgoldouz/miniconda3/lib -Wl,-rpath-link,/afs/crc.nd.edu/user/r/rgoldouz/miniconda3/lib -L/afs/crc.nd.edu/user/r/rgoldouz/miniconda3/lib conftest.c -ldl  -lm  >&5
configure:16523: $? = 0
configure:16532: result: yes
configure:16561: checking for rootcling
configure:16579: found /cvmfs/cms.cern.ch/el9_amd64_gcc12/cms/cmssw/CMSSW_15_0_10/external/el9_amd64_gcc12/bin/rootcling
configure:16592: result: /cvmfs/cms.cern.ch/el9_amd64_gcc12/cms/cmssw/CMSSW_15_0_10/external/el9_amd64_gcc12/bin/rootcling
configure:16735: checking that generated files are newer than configure
configure:16741: result: done
configure:16780: creating ./config.status

## ---------------------- ##
## Running config.status. ##
## ---------------------- ##

This file was extended by RestFrames config.status 1.0.0, which was
generated by GNU Autoconf 2.69.  Invocation command line was

  CONFIG_FILES    = 
  CONFIG_HEADERS  = 
  CONFIG_LINKS    = 
  CONFIG_COMMANDS = 
  $ ./config.status 

on glados.crc.nd.edu

config.status:1201: creating restframes-config
config.status:1201: creating Makefile
config.status:1201: creating src/Makefile
config.status:1201: creating inc/Makefile
config.status:1201: creating inc/RestFrames/Makefile
config.status:1201: creating examples/Makefile
config.status:1201: creating config/Makefile
config.status:1201: creating inc/RestFrames/RestFrames_config.h
config.status:1382: inc/RestFrames/RestFrames_config.h is unchanged
config.status:1430: executing depfiles commands
config.status:1507: cd src       && sed -e '/# am--include-marker/d' Makefile         | make -f - am--depfiles
make: Nothing to be done for 'am--depfiles'.
config.status:1512: $? = 0
config.status:1507: cd examples       && sed -e '/# am--include-marker/d' Makefile         | make -f - am--depfiles
make: Nothing to be done for 'am--depfiles'.
config.status:1512: $? = 0
config.status:1430: executing libtool commands

## ---------------- ##
## Cache variables. ##
## ---------------- ##

ac_cv_build=x86_64-conda-linux-gnu
ac_cv_c_compiler_gnu=yes
ac_cv_cxx_compiler_gnu=yes
ac_cv_env_CCC_set=
ac_cv_env_CCC_value=
ac_cv_env_CC_set=set
ac_cv_env_CC_value=/afs/crc.nd.edu/user/r/rgoldouz/miniconda3/bin/x86_64-conda-linux-gnu-cc
ac_cv_env_CFLAGS_set=set
ac_cv_env_CFLAGS_value='-march=nocona -mtune=haswell -ftree-vectorize -fPIC -fstack-protector-strong -fno-plt -O2 -ffunction-sections -pipe -isystem /afs/crc.nd.edu/user/r/rgoldouz/miniconda3/include'
ac_cv_env_CPPFLAGS_set=set
ac_cv_env_CPPFLAGS_value='-DNDEBUG -D_FORTIFY_SOURCE=2 -O2 -isystem /afs/crc.nd.edu/user/r/rgoldouz/miniconda3/include'
ac_cv_env_CPP_set=set
ac_cv_env_CPP_value=/afs/crc.nd.edu/user/r/rgoldouz/miniconda3/bin/x86_64-conda-linux-gnu-cpp
ac_cv_env_CXXCPP_set=
ac_cv_env_CXXCPP_value=
ac_cv_env_CXXFLAGS_set=set
ac_cv_env_CXXFLAGS_value='-fvisibility-inlines-hidden -fmessage-length=0 -march=nocona -mtune=haswell -ftree-vectorize -fPIC -fstack-protector-strong -fno-plt -O2 -ffunction-sections -pipe -isystem /afs/crc.nd.edu/user/r/rgoldouz/miniconda3/include'
ac_cv_env_CXX_set=set
ac_cv_env_CXX_value=/afs/crc.nd.edu/user/r/rgoldouz/miniconda3/bin/x86_64-conda-linux-gnu-c++
ac_cv_env_LDFLAGS_set=set
ac_cv_env_LDFLAGS_value='-Wl,-O2 -Wl,--sort-common -Wl,--as-needed -Wl,-z,relro -Wl,-z,now -Wl,--disable-new-dtags -Wl,--gc-sections -Wl,--allow-shlib-undefined -Wl,-rpath,/afs/crc.nd.edu/user/r/rgoldouz/miniconda3/lib -Wl,-rpath-link,/afs/crc.nd.edu/user/r/rgoldouz/miniconda3/lib -L/afs/crc.nd.edu/user/r/rgoldouz/miniconda3/lib'
ac_cv_env_LIBS_set=
ac_cv_env_LIBS_value=
ac_cv_env_LT_SYS_LIBRARY_PATH_set=
ac_cv_env_LT_SYS_LIBRARY_PATH_value=
ac_cv_env_build_alias_set=set
ac_cv_env_build_alias_value=x86_64-conda-linux-gnu
ac_cv_env_host_alias_set=set
ac_cv_env_host_alias_value=x86_64-conda-linux-gnu
ac_cv_env_target_alias_set=
ac_cv_env_target_alias_value=
ac_cv_header_dlfcn_h=yes
ac_cv_header_inttypes_h=yes
ac_cv_header_memory_h=yes
ac_cv_header_stdc=yes
ac_cv_header_stdint_h=yes
ac_cv_header_stdlib_h=yes
ac_cv_header_string_h=yes
ac_cv_header_strings_h=yes
ac_cv_header_sys_stat_h=yes
ac_cv_header_sys_types_h=yes
ac_cv_header_unistd_h=yes
ac_cv_host=x86_64-conda-linux-gnu
ac_cv_lib_dl_dlopen=yes
ac_cv_lib_m_cos=yes
ac_cv_objext=o
ac_cv_path_EGREP='/usr/bin/grep -E'
ac_cv_path_FGREP='/usr/bin/grep -F'
ac_cv_path_GREP=/usr/bin/grep
ac_cv_path_ROOTCINT=/cvmfs/cms.cern.ch/el9_amd64_gcc12/lcg/root/6.32.13-3ea6c37f14e3f39c0c3ce338c09aec10//bin/rootcint
ac_cv_path_ROOTCLING=/cvmfs/cms.cern.ch/el9_amd64_gcc12/cms/cmssw/CMSSW_15_0_10/external/el9_amd64_gcc12/bin/rootcling
ac_cv_path_ROOTCONF=/cvmfs/cms.cern.ch/el9_amd64_gcc12/lcg/root/6.32.13-3ea6c37f14e3f39c0c3ce338c09aec10//bin/root-config
ac_cv_path_ROOTEXEC=/cvmfs/cms.cern.ch/el9_amd64_gcc12/lcg/root/6.32.13-3ea6c37f14e3f39c0c3ce338c09aec10//bin/root
ac_cv_path_SED=/usr/bin/sed
ac_cv_path_install='/usr/bin/install -c'
ac_cv_path_lt_DD=/usr/bin/dd
ac_cv_path_mkdir=/usr/bin/mkdir
ac_cv_prog_AR=/afs/crc.nd.edu/user/r/rgoldouz/miniconda3/bin/x86_64-conda-linux-gnu-ar
ac_cv_prog_AWK=gawk
ac_cv_prog_CC=/afs/crc.nd.edu/user/r/rgoldouz/miniconda3/bin/x86_64-conda-linux-gnu-cc
ac_cv_prog_CPP=/afs/crc.nd.edu/user/r/rgoldouz/miniconda3/bin/x86_64-conda-linux-gnu-cpp
ac_cv_prog_CXXCPP='/afs/crc.nd.edu/user/r/rgoldouz/miniconda3/bin/x86_64-conda-linux-gnu-c++ -E'
ac_cv_prog_DLLTOOL=dlltool
ac_cv_prog_OBJDUMP=/afs/crc.nd.edu/user/r/rgoldouz/miniconda3/bin/x86_64-conda-linux-gnu-objdump
ac_cv_prog_RANLIB=/afs/crc.nd.edu/user/r/rgoldouz/miniconda3/bin/x86_64-conda-linux-gnu-ranlib
ac_cv_prog_STRIP=/afs/crc.nd.edu/user/r/rgoldouz/miniconda3/bin/x86_64-conda-linux-gnu-strip
ac_cv_prog_cc_c89=
ac_cv_prog_cc_g=yes
ac_cv_prog_cxx_found=yes
ac_cv_prog_cxx_g=yes
ac_cv_prog_make_make_set=yes
am_cv_CC_dependencies_compiler_type=gcc3
am_cv_CXX_dependencies_compiler_type=gcc3
am_cv_make_support_nested_variables=yes
am_cv_prog_cc_c_o=yes
am_cv_prog_tar_ustar=gnutar
lt_cv_ar_at_file=@
lt_cv_archive_cmds_need_lc=no
lt_cv_deplibs_check_method=pass_all
lt_cv_file_magic_cmd='$MAGIC_CMD'
lt_cv_file_magic_test_file=
lt_cv_ld_reload_flag=-r
lt_cv_nm_interface='BSD nm'
lt_cv_objdir=.libs
lt_cv_path_LD=/afs/crc.nd.edu/user/r/rgoldouz/miniconda3/bin/x86_64-conda-linux-gnu-ld
lt_cv_path_LDCXX='/afs/crc.nd.edu/user/r/rgoldouz/miniconda3/bin/x86_64-conda-linux-gnu-ld -m elf_x86_64'
lt_cv_path_NM=/afs/crc.nd.edu/user/r/rgoldouz/miniconda3/bin/x86_64-conda-linux-gnu-nm
lt_cv_path_mainfest_tool=no
lt_cv_prog_compiler_c_o=yes
lt_cv_prog_compiler_c_o_CXX=yes
lt_cv_prog_compiler_pic='-fPIC -DPIC'
lt_cv_prog_compiler_pic_CXX='-fPIC -DPIC'
lt_cv_prog_compiler_pic_works=yes
lt_cv_prog_compiler_pic_works_CXX=yes
lt_cv_prog_compiler_rtti_exceptions=no
lt_cv_prog_compiler_static_works=no
lt_cv_prog_compiler_static_works_CXX=no
lt_cv_prog_gnu_ld=yes
lt_cv_prog_gnu_ldcxx=yes
lt_cv_sharedlib_from_linklib_cmd='printf %s\n'
lt_cv_shlibpath_overrides_runpath=no
lt_cv_sys_global_symbol_pipe='sed -n -e '\''s/^.*[	 ]\([ABCDGIRSTW][ABCDGIRSTW]*\)[	 ][	 ]*\([_A-Za-z][_A-Za-z0-9]*\)$/\1 \2 \2/p'\'' | sed '\''/ __gnu_lto/d'\'''
lt_cv_sys_global_symbol_to_c_name_address='sed -n -e '\''s/^: \(.*\) .*$/  {"\1", (void *) 0},/p'\'' -e '\''s/^[ABCDGIRSTW][ABCDGIRSTW]* .* \(.*\)$/  {"\1", (void *) \&\1},/p'\'''
lt_cv_sys_global_symbol_to_c_name_address_lib_prefix='sed -n -e '\''s/^: \(.*\) .*$/  {"\1", (void *) 0},/p'\'' -e '\''s/^[ABCDGIRSTW][ABCDGIRSTW]* .* \(lib.*\)$/  {"\1", (void *) \&\1},/p'\'' -e '\''s/^[ABCDGIRSTW][ABCDGIRSTW]* .* \(.*\)$/  {"lib\1", (void *) \&\1},/p'\'''
lt_cv_sys_global_symbol_to_cdecl='sed -n -e '\''s/^T .* \(.*\)$/extern int \1();/p'\'' -e '\''s/^[ABCDGIRSTW][ABCDGIRSTW]* .* \(.*\)$/extern char \1;/p'\'''
lt_cv_sys_global_symbol_to_import=
lt_cv_sys_max_cmd_len=4718592
lt_cv_to_host_file_cmd=func_convert_file_noop
lt_cv_to_tool_file_cmd=func_convert_file_noop
lt_cv_truncate_bin='/usr/bin/dd bs=4096 count=1'

## ----------------- ##
## Output variables. ##
## ----------------- ##

ACLOCAL='${SHELL} /groups/mhildret/rgoldouz/run3Analyses/ZprimeToTt/RestFrames/missing aclocal-1.16'
AMDEPBACKSLASH='\'
AMDEP_FALSE='#'
AMDEP_TRUE=''
AMTAR='$${TAR-tar}'
AM_BACKSLASH='\'
AM_CXXFLAGS=' -g  -Woverloaded-virtual '
AM_DEFAULT_V='$(AM_DEFAULT_VERBOSITY)'
AM_DEFAULT_VERBOSITY='1'
AM_V='$(V)'
AR='/afs/crc.nd.edu/user/r/rgoldouz/miniconda3/bin/x86_64-conda-linux-gnu-ar'
AS='/afs/crc.nd.edu/user/r/rgoldouz/miniconda3/bin/x86_64-conda-linux-gnu-as'
AUTOCONF='${SHELL} /groups/mhildret/rgoldouz/run3Analyses/ZprimeToTt/RestFrames/missing autoconf'
AUTOHEADER='${SHELL} /groups/mhildret/rgoldouz/run3Analyses/ZprimeToTt/RestFrames/missing autoheader'
AUTOMAKE='${SHELL} /groups/mhildret/rgoldouz/run3Analyses/ZprimeToTt/RestFrames/missing automake-1.16'
AWK='gawk'
CC='/afs/crc.nd.edu/user/r/rgoldouz/miniconda3/bin/x86_64-conda-linux-gnu-cc'
CCDEPMODE='depmode=gcc3'
CFLAGS='-march=nocona -mtune=haswell -ftree-vectorize -fPIC -fstack-protector-strong -fno-plt -O2 -ffunction-sections -pipe -isystem /afs/crc.nd.edu/user/r/rgoldouz/miniconda3/include'
CONFIGURE_INVOCATION='./configure  '\''--prefix=/groups/mhildret/rgoldouz/run3Analyses/ZprimeToTt/RestFrames'\'' '\''build_alias=x86_64-conda-linux-gnu'\'' '\''host_alias=x86_64-conda-linux-gnu'\'' '\''CXX=/afs/crc.nd.edu/user/r/rgoldouz/miniconda3/bin/x86_64-conda-linux-gnu-c++'\'' '\''CXXFLAGS=-fvisibility-inlines-hidden -fmessage-length=0 -march=nocona -mtune=haswell -ftree-vectorize -fPIC -fstack-protector-strong -fno-plt -O2 -ffunction-sections -pipe -isystem /afs/crc.nd.edu/user/r/rgoldouz/miniconda3/include'\'' '\''LDFLAGS=-Wl,-O2 -Wl,--sort-common -Wl,--as-needed -Wl,-z,relro -Wl,-z,now -Wl,--disable-new-dtags -Wl,--gc-sections -Wl,--allow-shlib-undefined -Wl,-rpath,/afs/crc.nd.edu/user/r/rgoldouz/miniconda3/lib -Wl,-rpath-link,/afs/crc.nd.edu/user/r/rgoldouz/miniconda3/lib -L/afs/crc.nd.edu/user/r/rgoldouz/miniconda3/lib'\'' '\''CPPFLAGS=-DNDEBUG -D_FORTIFY_SOURCE=2 -O2 -isystem /afs/crc.nd.edu/user/r/rgoldouz/miniconda3/include'\'' '\''CC=/afs/crc.nd.edu/user/r/rgoldouz/miniconda3/bin/x86_64-conda-linux-gnu-cc'\'' '\''CFLAGS=-march=nocona -mtune=haswell -ftree-vectorize -fPIC -fstack-protector-strong -fno-plt -O2 -ffunction-sections -pipe -isystem /afs/crc.nd.edu/user/r/rgoldouz/miniconda3/include'\'' '\''CPP=/afs/crc.nd.edu/user/r/rgoldouz/miniconda3/bin/x86_64-conda-linux-gnu-cpp'\'''
CONFIG_CXXFLAGS=''
CONFIG_LIBS='-lm'
CONFIG_SUMMARY='Configuration summary:\n---------------------------------------------------------------\n  Installation directory     /groups/mhildret/rgoldouz/run3Analyses/ZprimeToTt/RestFrames\n'
CPP='/afs/crc.nd.edu/user/r/rgoldouz/miniconda3/bin/x86_64-conda-linux-gnu-cpp'
CPPFLAGS='-DNDEBUG -D_FORTIFY_SOURCE=2 -O2 -isystem /afs/crc.nd.edu/user/r/rgoldouz/miniconda3/include'
CXX='/afs/crc.nd.edu/user/r/rgoldouz/miniconda3/bin/x86_64-conda-linux-gnu-c++'
CXXCPP='/afs/crc.nd.edu/user/r/rgoldouz/miniconda3/bin/x86_64-conda-linux-gnu-c++ -E'
CXXDEPMODE='depmode=gcc3'
CXXFLAGS='-fvisibility-inlines-hidden -fmessage-length=0 -march=nocona -mtune=haswell -ftree-vectorize -fPIC -fstack-protector-strong -fno-plt -O2 -ffunction-sections -pipe -isystem /afs/crc.nd.edu/user/r/rgoldouz/miniconda3/include'
CYGPATH_W='echo'
DEFS='-DHAVE_CONFIG_H'
DEPDIR='.deps'
DLLTOOL='dlltool'
DSYMUTIL=''
DUMPBIN=''
ECHO_C=''
ECHO_N='-n'
ECHO_T=''
EGREP='/usr/bin/grep -E'
EXEEXT=''
EXISTROOTCLING_FALSE='#'
EXISTROOTCLING_TRUE=''
EXISTROOT_FALSE='#'
EXISTROOT_TRUE=''
FGREP='/usr/bin/grep -F'
GREP='/usr/bin/grep'
INSTALL_DATA='${INSTALL} -m 644'
INSTALL_PROGRAM='${INSTALL}'
INSTALL_SCRIPT='${INSTALL}'
INSTALL_STRIP_PROGRAM='$(install_sh) -c -s'
LD='/afs/crc.nd.edu/user/r/rgoldouz/miniconda3/bin/x86_64-conda-linux-gnu-ld -m elf_x86_64'
LDFLAGS='-Wl,-O2 -Wl,--sort-common -Wl,--as-needed -Wl,-z,relro -Wl,-z,now -Wl,--disable-new-dtags -Wl,--gc-sections -Wl,--allow-shlib-undefined -Wl,-rpath,/afs/crc.nd.edu/user/r/rgoldouz/miniconda3/lib -Wl,-rpath-link,/afs/crc.nd.edu/user/r/rgoldouz/miniconda3/lib -L/afs/crc.nd.edu/user/r/rgoldouz/miniconda3/lib'
LIBOBJS=''
LIBS='-ldl -lm '
LIBTOOL='$(SHELL) $(top_builddir)/libtool'
LIPO=''
LN_S='ln -s'
LTLIBOBJS=''
LT_SYS_LIBRARY_PATH=''
MAINT='#'
MAINTAINER_MODE_FALSE=''
MAINTAINER_MODE_TRUE='#'
MAKEINFO='${SHELL} /groups/mhildret/rgoldouz/run3Analyses/ZprimeToTt/RestFrames/missing makeinfo'
MANIFEST_TOOL=':'
MKDIR_P='/usr/bin/mkdir -p'
NM='/afs/crc.nd.edu/user/r/rgoldouz/miniconda3/bin/x86_64-conda-linux-gnu-nm'
NMEDIT=''
OBJDUMP='/afs/crc.nd.edu/user/r/rgoldouz/miniconda3/bin/x86_64-conda-linux-gnu-objdump'
OBJEXT='o'
OTOOL64=''
OTOOL=''
PACKAGE='restframes'
PACKAGE_BUGREPORT=''
PACKAGE_NAME='RestFrames'
PACKAGE_STRING='RestFrames 1.0.0'
PACKAGE_TARNAME='restframes'
PACKAGE_URL=''
PACKAGE_VERSION='1.0.0'
PATH_SEPARATOR=':'
RANLIB='/afs/crc.nd.edu/user/r/rgoldouz/miniconda3/bin/x86_64-conda-linux-gnu-ranlib'
ROOTAUXCFLAGS='-pthread -std=c++20 -m64'
ROOTAUXLIBS='-Wl,-rpath,/cvmfs/cms.cern.ch/el9_amd64_gcc12/lcg/root/6.32.13-3ea6c37f14e3f39c0c3ce338c09aec10/lib -pthread -lm -ldl -rdynamic'
ROOTCFLAGS='-I/cvmfs/cms.cern.ch/el9_amd64_gcc12/lcg/root/6.32.13-3ea6c37f14e3f39c0c3ce338c09aec10/include'
ROOTCINT='/cvmfs/cms.cern.ch/el9_amd64_gcc12/cms/cmssw/CMSSW_15_0_10/external/el9_amd64_gcc12/bin/rootcling'
ROOTCLING='/cvmfs/cms.cern.ch/el9_amd64_gcc12/cms/cmssw/CMSSW_15_0_10/external/el9_amd64_gcc12/bin/rootcling'
ROOTCONF='/cvmfs/cms.cern.ch/el9_amd64_gcc12/lcg/root/6.32.13-3ea6c37f14e3f39c0c3ce338c09aec10//bin/root-config'
ROOTETCDIR='/cvmfs/cms.cern.ch/el9_amd64_gcc12/lcg/root/6.32.13-3ea6c37f14e3f39c0c3ce338c09aec10/etc'
ROOTEXEC='/cvmfs/cms.cern.ch/el9_amd64_gcc12/lcg/root/6.32.13-3ea6c37f14e3f39c0c3ce338c09aec10//bin/root'
ROOTGLIBS='-lGui -lCore -lImt -lRIO -lNet -lHist -lGraf -lGraf3d -lGpad -lROOTVecOps -lTree -lTreePlayer -lRint -lPostscript -lMatrix -lPhysics -lMathCore -lThread -lMultiProc -lROOTDataFrame'
ROOTINCDIR='/cvmfs/cms.cern.ch/el9_amd64_gcc12/lcg/root/6.32.13-3ea6c37f14e3f39c0c3ce338c09aec10/include'
ROOTLIBDIR='/cvmfs/cms.cern.ch/el9_amd64_gcc12/lcg/root/6.32.13-3ea6c37f14e3f39c0c3ce338c09aec10/lib'
ROOTLIBS='-lCore -lImt -lRIO -lNet -lHist -lGraf -lGraf3d -lGpad -lROOTVecOps -lTree -lTreePlayer -lRint -lPostscript -lMatrix -lPhysics -lMathCore -lThread -lMultiProc -lROOTDataFrame'
ROOTRPATH='/cvmfs/cms.cern.ch/el9_amd64_gcc12/lcg/root/6.32.13-3ea6c37f14e3f39c0c3ce338c09aec10/lib'
ROOTSOVERSION='.'
ROOTVERSION='6.32.13'
SED='/usr/bin/sed'
SET_MAKE=''
SHELL='/bin/sh'
SOVERSION='1:0:0'
STRIP='/afs/crc.nd.edu/user/r/rgoldouz/miniconda3/bin/x86_64-conda-linux-gnu-strip'
VERSION='1.0.0'
ac_ct_AR=''
ac_ct_CC=''
ac_ct_CXX=''
ac_ct_DUMPBIN=''
am__EXEEXT_FALSE=''
am__EXEEXT_TRUE='#'
am__fastdepCC_FALSE='#'
am__fastdepCC_TRUE=''
am__fastdepCXX_FALSE='#'
am__fastdepCXX_TRUE=''
am__include='include'
am__isrc=''
am__leading_dot='.'
am__nodep='_no'
am__quote=''
am__tar='tar --format=ustar -chf - "$$tardir"'
am__untar='tar -xf -'
bindir='${exec_prefix}/bin'
build='x86_64-conda-linux-gnu'
build_alias='x86_64-conda-linux-gnu'
build_cpu='x86_64'
build_os='linux-gnu'
build_vendor='conda'
cxx_found='yes'
datadir='${datarootdir}'
datarootdir='${prefix}/share'
docdir='${datarootdir}/doc/${PACKAGE_TARNAME}'
dvidir='${docdir}'
exec_prefix='${prefix}'
host='x86_64-conda-linux-gnu'
host_alias='x86_64-conda-linux-gnu'
host_cpu='x86_64'
host_os='linux-gnu'
host_vendor='conda'
htmldir='${docdir}'
includedir='${prefix}/include'
infodir='${datarootdir}/info'
install_sh='${SHELL} /groups/mhildret/rgoldouz/run3Analyses/ZprimeToTt/RestFrames/install-sh'
libdir='${exec_prefix}/lib'
libexecdir='${exec_prefix}/libexec'
localedir='${datarootdir}/locale'
localstatedir='${prefix}/var'
mandir='${datarootdir}/man'
mkdir_p='$(MKDIR_P)'
oldincludedir='/usr/include'
pdfdir='${docdir}'
prefix='/groups/mhildret/rgoldouz/run3Analyses/ZprimeToTt/RestFrames'
program_transform_name='s,x,x,'
psdir='${docdir}'
sbindir='${exec_prefix}/sbin'
sharedstatedir='${prefix}/com'
sysconfdir='${prefix}/etc'
target_alias=''

## ----------- ##
## confdefs.h. ##
## ----------- ##

/* confdefs.h */
#define PACKAGE_NAME "RestFrames"
#define PACKAGE_TARNAME "restframes"
#define PACKAGE_VERSION "1.0.0"
#define PACKAGE_STRING "RestFrames 1.0.0"
#define PACKAGE_BUGREPORT ""
#define PACKAGE_URL ""
#define PACKAGE "restframes"
#define VERSION "1.0.0"
#define HAVE_LIBM 1
#define STDC_HEADERS 1
#define HAVE_SYS_TYPES_H 1
#define HAVE_SYS_STAT_H 1
#define HAVE_STDLIB_H 1
#define HAVE_STRING_H 1
#define HAVE_MEMORY_H 1
#define HAVE_STRINGS_H 1
#define HAVE_INTTYPES_H 1
#define HAVE_STDINT_H 1
#define HAVE_UNISTD_H 1
#define HAVE_DLFCN_H 1
#define LT_OBJDIR ".libs/"
#define HAVE_ROOT /**/
#define HAVE_LIBDL 1

configure: exit 0

## ---------------------- ##
## Running config.status. ##
## ---------------------- ##

This file was extended by RestFrames config.status 1.0.0, which was
generated by GNU Autoconf 2.69.  Invocation command line was

  CONFIG_FILES    = 
  CONFIG_HEADERS  = 
  CONFIG_LINKS    = 
  CONFIG_COMMANDS = 
  $ ./config.status restframes-config

on glados.crc.nd.edu

config.status:1201: creating restframes-config
